<?xml version="1.0" encoding="UTF-8"?>
<testsuite xmlns:xsi="http://www.w3.org/2001/XMLSchema-instance" xsi:noNamespaceSchemaLocation="https://maven.apache.org/surefire/maven-surefire-plugin/xsd/surefire-test-report.xsd" name="com.lottoland.LottolandUnitTests" time="1.276" tests="5" errors="0" skipped="0" failures="0">
  <properties>
    <property name="sun.desktop" value="gnome"/>
    <property name="awt.toolkit" value="sun.awt.X11.XToolkit"/>
    <property name="java.specification.version" value="11"/>
    <property name="sun.cpu.isalist" value=""/>
    <property name="sun.jnu.encoding" value="UTF-8"/>
    <property name="java.class.path" value="/home/fgarcia/dev/lottoland/target/test-classes:/home/fgarcia/dev/lottoland/target/classes:/home/fgarcia/.m2/repository/org/springframework/boot/spring-boot-starter-web/2.1.16.RELEASE/spring-boot-starter-web-2.1.16.RELEASE.jar:/home/fgarcia/.m2/repository/org/springframework/boot/spring-boot-starter/2.1.16.RELEASE/spring-boot-starter-2.1.16.RELEASE.jar:/home/fgarcia/.m2/repository/org/springframework/boot/spring-boot/2.1.16.RELEASE/spring-boot-2.1.16.RELEASE.jar:/home/fgarcia/.m2/repository/org/springframework/boot/spring-boot-autoconfigure/2.1.16.RELEASE/spring-boot-autoconfigure-2.1.16.RELEASE.jar:/home/fgarcia/.m2/repository/org/springframework/boot/spring-boot-starter-logging/2.1.16.RELEASE/spring-boot-starter-logging-2.1.16.RELEASE.jar:/home/fgarcia/.m2/repository/ch/qos/logback/logback-classic/1.2.3/logback-classic-1.2.3.jar:/home/fgarcia/.m2/repository/ch/qos/logback/logback-core/1.2.3/logback-core-1.2.3.jar:/home/fgarcia/.m2/repository/org/apache/logging/log4j/log4j-to-slf4j/2.11.2/log4j-to-slf4j-2.11.2.jar:/home/fgarcia/.m2/repository/org/apache/logging/log4j/log4j-api/2.11.2/log4j-api-2.11.2.jar:/home/fgarcia/.m2/repository/org/slf4j/jul-to-slf4j/1.7.30/jul-to-slf4j-1.7.30.jar:/home/fgarcia/.m2/repository/org/yaml/snakeyaml/1.23/snakeyaml-1.23.jar:/home/fgarcia/.m2/repository/org/springframework/boot/spring-boot-starter-json/2.1.16.RELEASE/spring-boot-starter-json-2.1.16.RELEASE.jar:/home/fgarcia/.m2/repository/com/fasterxml/jackson/core/jackson-databind/2.9.10.5/jackson-databind-2.9.10.5.jar:/home/fgarcia/.m2/repository/com/fasterxml/jackson/core/jackson-annotations/2.9.10/jackson-annotations-2.9.10.jar:/home/fgarcia/.m2/repository/com/fasterxml/jackson/core/jackson-core/2.9.10/jackson-core-2.9.10.jar:/home/fgarcia/.m2/repository/com/fasterxml/jackson/datatype/jackson-datatype-jdk8/2.9.10/jackson-datatype-jdk8-2.9.10.jar:/home/fgarcia/.m2/repository/com/fasterxml/jackson/datatype/jackson-datatype-jsr310/2.9.10/jackson-datatype-jsr310-2.9.10.jar:/home/fgarcia/.m2/repository/com/fasterxml/jackson/module/jackson-module-parameter-names/2.9.10/jackson-module-parameter-names-2.9.10.jar:/home/fgarcia/.m2/repository/org/hibernate/validator/hibernate-validator/6.0.20.Final/hibernate-validator-6.0.20.Final.jar:/home/fgarcia/.m2/repository/org/jboss/logging/jboss-logging/3.3.3.Final/jboss-logging-3.3.3.Final.jar:/home/fgarcia/.m2/repository/com/fasterxml/classmate/1.4.0/classmate-1.4.0.jar:/home/fgarcia/.m2/repository/org/springframework/spring-web/5.1.17.RELEASE/spring-web-5.1.17.RELEASE.jar:/home/fgarcia/.m2/repository/org/springframework/spring-webmvc/5.1.17.RELEASE/spring-webmvc-5.1.17.RELEASE.jar:/home/fgarcia/.m2/repository/org/springframework/spring-expression/5.1.17.RELEASE/spring-expression-5.1.17.RELEASE.jar:/home/fgarcia/.m2/repository/org/springframework/boot/spring-boot-starter-tomcat/2.1.16.RELEASE/spring-boot-starter-tomcat-2.1.16.RELEASE.jar:/home/fgarcia/.m2/repository/javax/annotation/javax.annotation-api/1.3.2/javax.annotation-api-1.3.2.jar:/home/fgarcia/.m2/repository/org/apache/tomcat/embed/tomcat-embed-core/9.0.37/tomcat-embed-core-9.0.37.jar:/home/fgarcia/.m2/repository/org/apache/tomcat/embed/tomcat-embed-el/9.0.37/tomcat-embed-el-9.0.37.jar:/home/fgarcia/.m2/repository/org/apache/tomcat/embed/tomcat-embed-websocket/9.0.37/tomcat-embed-websocket-9.0.37.jar:/home/fgarcia/.m2/repository/org/springdoc/springdoc-openapi-ui/1.7.0/springdoc-openapi-ui-1.7.0.jar:/home/fgarcia/.m2/repository/org/springdoc/springdoc-openapi-webmvc-core/1.7.0/springdoc-openapi-webmvc-core-1.7.0.jar:/home/fgarcia/.m2/repository/org/springdoc/springdoc-openapi-common/1.7.0/springdoc-openapi-common-1.7.0.jar:/home/fgarcia/.m2/repository/io/swagger/core/v3/swagger-core/2.2.9/swagger-core-2.2.9.jar:/home/fgarcia/.m2/repository/jakarta/xml/bind/jakarta.xml.bind-api/2.3.2/jakarta.xml.bind-api-2.3.2.jar:/home/fgarcia/.m2/repository/jakarta/activation/jakarta.activation-api/1.2.1/jakarta.activation-api-1.2.1.jar:/home/fgarcia/.m2/repository/org/apache/commons/commons-lang3/3.8.1/commons-lang3-3.8.1.jar:/home/fgarcia/.m2/repository/com/fasterxml/jackson/dataformat/jackson-dataformat-yaml/2.9.10/jackson-dataformat-yaml-2.9.10.jar:/home/fgarcia/.m2/repository/io/swagger/core/v3/swagger-annotations/2.2.9/swagger-annotations-2.2.9.jar:/home/fgarcia/.m2/repository/io/swagger/core/v3/swagger-models/2.2.9/swagger-models-2.2.9.jar:/home/fgarcia/.m2/repository/jakarta/validation/jakarta.validation-api/2.0.2/jakarta.validation-api-2.0.2.jar:/home/fgarcia/.m2/repository/org/webjars/swagger-ui/4.18.2/swagger-ui-4.18.2.jar:/home/fgarcia/.m2/repository/org/projectlombok/lombok/1.18.20/lombok-1.18.20.jar:/home/fgarcia/.m2/repository/org/modelmapper/modelmapper/2.4.3/modelmapper-2.4.3.jar:/home/fgarcia/.m2/repository/javax/validation/validation-api/2.0.1.Final/validation-api-2.0.1.Final.jar:/home/fgarcia/.m2/repository/org/springframework/plugin/spring-plugin-core/1.2.0.RELEASE/spring-plugin-core-1.2.0.RELEASE.jar:/home/fgarcia/.m2/repository/org/springframework/spring-beans/5.1.17.RELEASE/spring-beans-5.1.17.RELEASE.jar:/home/fgarcia/.m2/repository/org/springframework/spring-context/5.1.17.RELEASE/spring-context-5.1.17.RELEASE.jar:/home/fgarcia/.m2/repository/org/springframework/spring-aop/5.1.17.RELEASE/spring-aop-5.1.17.RELEASE.jar:/home/fgarcia/.m2/repository/org/slf4j/slf4j-api/1.7.30/slf4j-api-1.7.30.jar:/home/fgarcia/.m2/repository/org/springframework/boot/spring-boot-starter-test/2.1.16.RELEASE/spring-boot-starter-test-2.1.16.RELEASE.jar:/home/fgarcia/.m2/repository/org/springframework/boot/spring-boot-test/2.1.16.RELEASE/spring-boot-test-2.1.16.RELEASE.jar:/home/fgarcia/.m2/repository/org/springframework/boot/spring-boot-test-autoconfigure/2.1.16.RELEASE/spring-boot-test-autoconfigure-2.1.16.RELEASE.jar:/home/fgarcia/.m2/repository/com/jayway/jsonpath/json-path/2.4.0/json-path-2.4.0.jar:/home/fgarcia/.m2/repository/net/minidev/json-smart/2.3/json-smart-2.3.jar:/home/fgarcia/.m2/repository/net/minidev/accessors-smart/1.2/accessors-smart-1.2.jar:/home/fgarcia/.m2/repository/org/ow2/asm/asm/5.0.4/asm-5.0.4.jar:/home/fgarcia/.m2/repository/org/assertj/assertj-core/3.11.1/assertj-core-3.11.1.jar:/home/fgarcia/.m2/repository/org/mockito/mockito-core/2.23.4/mockito-core-2.23.4.jar:/home/fgarcia/.m2/repository/net/bytebuddy/byte-buddy/1.9.16/byte-buddy-1.9.16.jar:/home/fgarcia/.m2/repository/net/bytebuddy/byte-buddy-agent/1.9.16/byte-buddy-agent-1.9.16.jar:/home/fgarcia/.m2/repository/org/objenesis/objenesis/2.6/objenesis-2.6.jar:/home/fgarcia/.m2/repository/org/hamcrest/hamcrest-core/1.3/hamcrest-core-1.3.jar:/home/fgarcia/.m2/repository/org/hamcrest/hamcrest-library/1.3/hamcrest-library-1.3.jar:/home/fgarcia/.m2/repository/org/skyscreamer/jsonassert/1.5.0/jsonassert-1.5.0.jar:/home/fgarcia/.m2/repository/com/vaadin/external/google/android-json/0.0.20131108.vaadin1/android-json-0.0.20131108.vaadin1.jar:/home/fgarcia/.m2/repository/org/springframework/spring-core/5.1.17.RELEASE/spring-core-5.1.17.RELEASE.jar:/home/fgarcia/.m2/repository/org/springframework/spring-jcl/5.1.17.RELEASE/spring-jcl-5.1.17.RELEASE.jar:/home/fgarcia/.m2/repository/org/springframework/spring-test/5.1.17.RELEASE/spring-test-5.1.17.RELEASE.jar:/home/fgarcia/.m2/repository/org/xmlunit/xmlunit-core/2.6.4/xmlunit-core-2.6.4.jar:/home/fgarcia/.m2/repository/javax/xml/bind/jaxb-api/2.3.1/jaxb-api-2.3.1.jar:/home/fgarcia/.m2/repository/javax/activation/javax.activation-api/1.2.0/javax.activation-api-1.2.0.jar:/home/fgarcia/.m2/repository/junit/junit/4.12/junit-4.12.jar:/home/fgarcia/.m2/repository/org/springframework/boot/spring-boot-starter-webflux/2.1.16.RELEASE/spring-boot-starter-webflux-2.1.16.RELEASE.jar:/home/fgarcia/.m2/repository/org/springframework/boot/spring-boot-starter-reactor-netty/2.1.16.RELEASE/spring-boot-starter-reactor-netty-2.1.16.RELEASE.jar:/home/fgarcia/.m2/repository/io/projectreactor/netty/reactor-netty/0.8.20.RELEASE/reactor-netty-0.8.20.RELEASE.jar:/home/fgarcia/.m2/repository/io/netty/netty-codec-http/4.1.51.Final/netty-codec-http-4.1.51.Final.jar:/home/fgarcia/.m2/repository/io/netty/netty-common/4.1.51.Final/netty-common-4.1.51.Final.jar:/home/fgarcia/.m2/repository/io/netty/netty-buffer/4.1.51.Final/netty-buffer-4.1.51.Final.jar:/home/fgarcia/.m2/repository/io/netty/netty-transport/4.1.51.Final/netty-transport-4.1.51.Final.jar:/home/fgarcia/.m2/repository/io/netty/netty-codec/4.1.51.Final/netty-codec-4.1.51.Final.jar:/home/fgarcia/.m2/repository/io/netty/netty-codec-http2/4.1.51.Final/netty-codec-http2-4.1.51.Final.jar:/home/fgarcia/.m2/repository/io/netty/netty-handler/4.1.51.Final/netty-handler-4.1.51.Final.jar:/home/fgarcia/.m2/repository/io/netty/netty-resolver/4.1.51.Final/netty-resolver-4.1.51.Final.jar:/home/fgarcia/.m2/repository/io/netty/netty-handler-proxy/4.1.51.Final/netty-handler-proxy-4.1.51.Final.jar:/home/fgarcia/.m2/repository/io/netty/netty-codec-socks/4.1.51.Final/netty-codec-socks-4.1.51.Final.jar:/home/fgarcia/.m2/repository/io/netty/netty-transport-native-epoll/4.1.51.Final/netty-transport-native-epoll-4.1.51.Final-linux-x86_64.jar:/home/fgarcia/.m2/repository/io/netty/netty-transport-native-unix-common/4.1.51.Final/netty-transport-native-unix-common-4.1.51.Final.jar:/home/fgarcia/.m2/repository/org/glassfish/javax.el/3.0.0/javax.el-3.0.0.jar:/home/fgarcia/.m2/repository/org/springframework/spring-webflux/5.1.17.RELEASE/spring-webflux-5.1.17.RELEASE.jar:/home/fgarcia/.m2/repository/io/projectreactor/reactor-core/3.2.19.RELEASE/reactor-core-3.2.19.RELEASE.jar:/home/fgarcia/.m2/repository/org/reactivestreams/reactive-streams/1.0.3/reactive-streams-1.0.3.jar:/home/fgarcia/.m2/repository/org/synchronoss/cloud/nio-multipart-parser/1.1.0/nio-multipart-parser-1.1.0.jar:/home/fgarcia/.m2/repository/org/synchronoss/cloud/nio-stream-storage/1.1.3/nio-stream-storage-1.1.3.jar:/home/fgarcia/.m2/repository/com/google/code/bean-matchers/bean-matchers/0.14/bean-matchers-0.14.jar:/home/fgarcia/.m2/repository/org/hamcrest/hamcrest/2.2/hamcrest-2.2.jar:/home/fgarcia/.m2/repository/org/springframework/kafka/spring-kafka/2.2.14.RELEASE/spring-kafka-2.2.14.RELEASE.jar:/home/fgarcia/.m2/repository/org/springframework/spring-messaging/5.1.17.RELEASE/spring-messaging-5.1.17.RELEASE.jar:/home/fgarcia/.m2/repository/org/springframework/spring-tx/5.1.17.RELEASE/spring-tx-5.1.17.RELEASE.jar:/home/fgarcia/.m2/repository/org/springframework/retry/spring-retry/1.2.5.RELEASE/spring-retry-1.2.5.RELEASE.jar:/home/fgarcia/.m2/repository/org/apache/kafka/kafka-clients/2.0.1/kafka-clients-2.0.1.jar:/home/fgarcia/.m2/repository/org/lz4/lz4-java/1.4.1/lz4-java-1.4.1.jar:/home/fgarcia/.m2/repository/org/xerial/snappy/snappy-java/1.1.7.1/snappy-java-1.1.7.1.jar:/home/fgarcia/.m2/repository/org/springframework/kafka/spring-kafka-test/2.2.14.RELEASE/spring-kafka-test-2.2.14.RELEASE.jar:/home/fgarcia/.m2/repository/org/apache/kafka/kafka-clients/2.0.1/kafka-clients-2.0.1-test.jar:/home/fgarcia/.m2/repository/org/apache/kafka/kafka_2.11/2.0.1/kafka_2.11-2.0.1.jar:/home/fgarcia/.m2/repository/net/sf/jopt-simple/jopt-simple/5.0.4/jopt-simple-5.0.4.jar:/home/fgarcia/.m2/repository/com/yammer/metrics/metrics-core/2.2.0/metrics-core-2.2.0.jar:/home/fgarcia/.m2/repository/org/scala-lang/scala-library/2.11.12/scala-library-2.11.12.jar:/home/fgarcia/.m2/repository/org/scala-lang/scala-reflect/2.11.12/scala-reflect-2.11.12.jar:/home/fgarcia/.m2/repository/com/typesafe/scala-logging/scala-logging_2.11/3.9.0/scala-logging_2.11-3.9.0.jar:/home/fgarcia/.m2/repository/com/101tec/zkclient/0.10/zkclient-0.10.jar:/home/fgarcia/.m2/repository/org/apache/zookeeper/zookeeper/3.4.13/zookeeper-3.4.13.jar:/home/fgarcia/.m2/repository/org/apache/yetus/audience-annotations/0.5.0/audience-annotations-0.5.0.jar:/home/fgarcia/.m2/repository/org/apache/kafka/kafka_2.11/2.0.1/kafka_2.11-2.0.1-test.jar:/home/fgarcia/.m2/repository/com/google/guava/guava/32.0.1-jre/guava-32.0.1-jre.jar:/home/fgarcia/.m2/repository/com/google/guava/failureaccess/1.0.1/failureaccess-1.0.1.jar:/home/fgarcia/.m2/repository/com/google/guava/listenablefuture/9999.0-empty-to-avoid-conflict-with-guava/listenablefuture-9999.0-empty-to-avoid-conflict-with-guava.jar:/home/fgarcia/.m2/repository/com/google/code/findbugs/jsr305/3.0.2/jsr305-3.0.2.jar:/home/fgarcia/.m2/repository/org/checkerframework/checker-qual/3.33.0/checker-qual-3.33.0.jar:/home/fgarcia/.m2/repository/com/google/errorprone/error_prone_annotations/2.18.0/error_prone_annotations-2.18.0.jar:/home/fgarcia/.m2/repository/com/google/j2objc/j2objc-annotations/2.8/j2objc-annotations-2.8.jar:"/>
    <property name="java.vm.vendor" value="Ubuntu"/>
    <property name="sun.arch.data.model" value="64"/>
    <property name="java.vendor.url" value="https://ubuntu.com/"/>
    <property name="user.timezone" value=""/>
    <property name="java.vm.specification.version" value="11"/>
    <property name="os.name" value="Linux"/>
    <property name="sun.java.launcher" value="SUN_STANDARD"/>
    <property name="user.country" value="ES"/>
    <property name="sun.boot.library.path" value="/usr/lib/jvm/java-11-openjdk-amd64/lib"/>
    <property name="sun.java.command" value="/home/fgarcia/dev/lottoland/target/surefire/surefirebooter18297070549365299226.jar /home/fgarcia/dev/lottoland/target/surefire 2023-07-10T10-10-51_585-jvmRun1 surefire3829481806754288116tmp surefire_03942161282959665268tmp"/>
    <property name="jdk.debug" value="release"/>
    <property name="surefire.test.class.path" value="/home/fgarcia/dev/lottoland/target/test-classes:/home/fgarcia/dev/lottoland/target/classes:/home/fgarcia/.m2/repository/org/springframework/boot/spring-boot-starter-web/2.1.16.RELEASE/spring-boot-starter-web-2.1.16.RELEASE.jar:/home/fgarcia/.m2/repository/org/springframework/boot/spring-boot-starter/2.1.16.RELEASE/spring-boot-starter-2.1.16.RELEASE.jar:/home/fgarcia/.m2/repository/org/springframework/boot/spring-boot/2.1.16.RELEASE/spring-boot-2.1.16.RELEASE.jar:/home/fgarcia/.m2/repository/org/springframework/boot/spring-boot-autoconfigure/2.1.16.RELEASE/spring-boot-autoconfigure-2.1.16.RELEASE.jar:/home/fgarcia/.m2/repository/org/springframework/boot/spring-boot-starter-logging/2.1.16.RELEASE/spring-boot-starter-logging-2.1.16.RELEASE.jar:/home/fgarcia/.m2/repository/ch/qos/logback/logback-classic/1.2.3/logback-classic-1.2.3.jar:/home/fgarcia/.m2/repository/ch/qos/logback/logback-core/1.2.3/logback-core-1.2.3.jar:/home/fgarcia/.m2/repository/org/apache/logging/log4j/log4j-to-slf4j/2.11.2/log4j-to-slf4j-2.11.2.jar:/home/fgarcia/.m2/repository/org/apache/logging/log4j/log4j-api/2.11.2/log4j-api-2.11.2.jar:/home/fgarcia/.m2/repository/org/slf4j/jul-to-slf4j/1.7.30/jul-to-slf4j-1.7.30.jar:/home/fgarcia/.m2/repository/org/yaml/snakeyaml/1.23/snakeyaml-1.23.jar:/home/fgarcia/.m2/repository/org/springframework/boot/spring-boot-starter-json/2.1.16.RELEASE/spring-boot-starter-json-2.1.16.RELEASE.jar:/home/fgarcia/.m2/repository/com/fasterxml/jackson/core/jackson-databind/2.9.10.5/jackson-databind-2.9.10.5.jar:/home/fgarcia/.m2/repository/com/fasterxml/jackson/core/jackson-annotations/2.9.10/jackson-annotations-2.9.10.jar:/home/fgarcia/.m2/repository/com/fasterxml/jackson/core/jackson-core/2.9.10/jackson-core-2.9.10.jar:/home/fgarcia/.m2/repository/com/fasterxml/jackson/datatype/jackson-datatype-jdk8/2.9.10/jackson-datatype-jdk8-2.9.10.jar:/home/fgarcia/.m2/repository/com/fasterxml/jackson/datatype/jackson-datatype-jsr310/2.9.10/jackson-datatype-jsr310-2.9.10.jar:/home/fgarcia/.m2/repository/com/fasterxml/jackson/module/jackson-module-parameter-names/2.9.10/jackson-module-parameter-names-2.9.10.jar:/home/fgarcia/.m2/repository/org/hibernate/validator/hibernate-validator/6.0.20.Final/hibernate-validator-6.0.20.Final.jar:/home/fgarcia/.m2/repository/org/jboss/logging/jboss-logging/3.3.3.Final/jboss-logging-3.3.3.Final.jar:/home/fgarcia/.m2/repository/com/fasterxml/classmate/1.4.0/classmate-1.4.0.jar:/home/fgarcia/.m2/repository/org/springframework/spring-web/5.1.17.RELEASE/spring-web-5.1.17.RELEASE.jar:/home/fgarcia/.m2/repository/org/springframework/spring-webmvc/5.1.17.RELEASE/spring-webmvc-5.1.17.RELEASE.jar:/home/fgarcia/.m2/repository/org/springframework/spring-expression/5.1.17.RELEASE/spring-expression-5.1.17.RELEASE.jar:/home/fgarcia/.m2/repository/org/springframework/boot/spring-boot-starter-tomcat/2.1.16.RELEASE/spring-boot-starter-tomcat-2.1.16.RELEASE.jar:/home/fgarcia/.m2/repository/javax/annotation/javax.annotation-api/1.3.2/javax.annotation-api-1.3.2.jar:/home/fgarcia/.m2/repository/org/apache/tomcat/embed/tomcat-embed-core/9.0.37/tomcat-embed-core-9.0.37.jar:/home/fgarcia/.m2/repository/org/apache/tomcat/embed/tomcat-embed-el/9.0.37/tomcat-embed-el-9.0.37.jar:/home/fgarcia/.m2/repository/org/apache/tomcat/embed/tomcat-embed-websocket/9.0.37/tomcat-embed-websocket-9.0.37.jar:/home/fgarcia/.m2/repository/org/springdoc/springdoc-openapi-ui/1.7.0/springdoc-openapi-ui-1.7.0.jar:/home/fgarcia/.m2/repository/org/springdoc/springdoc-openapi-webmvc-core/1.7.0/springdoc-openapi-webmvc-core-1.7.0.jar:/home/fgarcia/.m2/repository/org/springdoc/springdoc-openapi-common/1.7.0/springdoc-openapi-common-1.7.0.jar:/home/fgarcia/.m2/repository/io/swagger/core/v3/swagger-core/2.2.9/swagger-core-2.2.9.jar:/home/fgarcia/.m2/repository/jakarta/xml/bind/jakarta.xml.bind-api/2.3.2/jakarta.xml.bind-api-2.3.2.jar:/home/fgarcia/.m2/repository/jakarta/activation/jakarta.activation-api/1.2.1/jakarta.activation-api-1.2.1.jar:/home/fgarcia/.m2/repository/org/apache/commons/commons-lang3/3.8.1/commons-lang3-3.8.1.jar:/home/fgarcia/.m2/repository/com/fasterxml/jackson/dataformat/jackson-dataformat-yaml/2.9.10/jackson-dataformat-yaml-2.9.10.jar:/home/fgarcia/.m2/repository/io/swagger/core/v3/swagger-annotations/2.2.9/swagger-annotations-2.2.9.jar:/home/fgarcia/.m2/repository/io/swagger/core/v3/swagger-models/2.2.9/swagger-models-2.2.9.jar:/home/fgarcia/.m2/repository/jakarta/validation/jakarta.validation-api/2.0.2/jakarta.validation-api-2.0.2.jar:/home/fgarcia/.m2/repository/org/webjars/swagger-ui/4.18.2/swagger-ui-4.18.2.jar:/home/fgarcia/.m2/repository/org/projectlombok/lombok/1.18.20/lombok-1.18.20.jar:/home/fgarcia/.m2/repository/org/modelmapper/modelmapper/2.4.3/modelmapper-2.4.3.jar:/home/fgarcia/.m2/repository/javax/validation/validation-api/2.0.1.Final/validation-api-2.0.1.Final.jar:/home/fgarcia/.m2/repository/org/springframework/plugin/spring-plugin-core/1.2.0.RELEASE/spring-plugin-core-1.2.0.RELEASE.jar:/home/fgarcia/.m2/repository/org/springframework/spring-beans/5.1.17.RELEASE/spring-beans-5.1.17.RELEASE.jar:/home/fgarcia/.m2/repository/org/springframework/spring-context/5.1.17.RELEASE/spring-context-5.1.17.RELEASE.jar:/home/fgarcia/.m2/repository/org/springframework/spring-aop/5.1.17.RELEASE/spring-aop-5.1.17.RELEASE.jar:/home/fgarcia/.m2/repository/org/slf4j/slf4j-api/1.7.30/slf4j-api-1.7.30.jar:/home/fgarcia/.m2/repository/org/springframework/boot/spring-boot-starter-test/2.1.16.RELEASE/spring-boot-starter-test-2.1.16.RELEASE.jar:/home/fgarcia/.m2/repository/org/springframework/boot/spring-boot-test/2.1.16.RELEASE/spring-boot-test-2.1.16.RELEASE.jar:/home/fgarcia/.m2/repository/org/springframework/boot/spring-boot-test-autoconfigure/2.1.16.RELEASE/spring-boot-test-autoconfigure-2.1.16.RELEASE.jar:/home/fgarcia/.m2/repository/com/jayway/jsonpath/json-path/2.4.0/json-path-2.4.0.jar:/home/fgarcia/.m2/repository/net/minidev/json-smart/2.3/json-smart-2.3.jar:/home/fgarcia/.m2/repository/net/minidev/accessors-smart/1.2/accessors-smart-1.2.jar:/home/fgarcia/.m2/repository/org/ow2/asm/asm/5.0.4/asm-5.0.4.jar:/home/fgarcia/.m2/repository/org/assertj/assertj-core/3.11.1/assertj-core-3.11.1.jar:/home/fgarcia/.m2/repository/org/mockito/mockito-core/2.23.4/mockito-core-2.23.4.jar:/home/fgarcia/.m2/repository/net/bytebuddy/byte-buddy/1.9.16/byte-buddy-1.9.16.jar:/home/fgarcia/.m2/repository/net/bytebuddy/byte-buddy-agent/1.9.16/byte-buddy-agent-1.9.16.jar:/home/fgarcia/.m2/repository/org/objenesis/objenesis/2.6/objenesis-2.6.jar:/home/fgarcia/.m2/repository/org/hamcrest/hamcrest-core/1.3/hamcrest-core-1.3.jar:/home/fgarcia/.m2/repository/org/hamcrest/hamcrest-library/1.3/hamcrest-library-1.3.jar:/home/fgarcia/.m2/repository/org/skyscreamer/jsonassert/1.5.0/jsonassert-1.5.0.jar:/home/fgarcia/.m2/repository/com/vaadin/external/google/android-json/0.0.20131108.vaadin1/android-json-0.0.20131108.vaadin1.jar:/home/fgarcia/.m2/repository/org/springframework/spring-core/5.1.17.RELEASE/spring-core-5.1.17.RELEASE.jar:/home/fgarcia/.m2/repository/org/springframework/spring-jcl/5.1.17.RELEASE/spring-jcl-5.1.17.RELEASE.jar:/home/fgarcia/.m2/repository/org/springframework/spring-test/5.1.17.RELEASE/spring-test-5.1.17.RELEASE.jar:/home/fgarcia/.m2/repository/org/xmlunit/xmlunit-core/2.6.4/xmlunit-core-2.6.4.jar:/home/fgarcia/.m2/repository/javax/xml/bind/jaxb-api/2.3.1/jaxb-api-2.3.1.jar:/home/fgarcia/.m2/repository/javax/activation/javax.activation-api/1.2.0/javax.activation-api-1.2.0.jar:/home/fgarcia/.m2/repository/junit/junit/4.12/junit-4.12.jar:/home/fgarcia/.m2/repository/org/springframework/boot/spring-boot-starter-webflux/2.1.16.RELEASE/spring-boot-starter-webflux-2.1.16.RELEASE.jar:/home/fgarcia/.m2/repository/org/springframework/boot/spring-boot-starter-reactor-netty/2.1.16.RELEASE/spring-boot-starter-reactor-netty-2.1.16.RELEASE.jar:/home/fgarcia/.m2/repository/io/projectreactor/netty/reactor-netty/0.8.20.RELEASE/reactor-netty-0.8.20.RELEASE.jar:/home/fgarcia/.m2/repository/io/netty/netty-codec-http/4.1.51.Final/netty-codec-http-4.1.51.Final.jar:/home/fgarcia/.m2/repository/io/netty/netty-common/4.1.51.Final/netty-common-4.1.51.Final.jar:/home/fgarcia/.m2/repository/io/netty/netty-buffer/4.1.51.Final/netty-buffer-4.1.51.Final.jar:/home/fgarcia/.m2/repository/io/netty/netty-transport/4.1.51.Final/netty-transport-4.1.51.Final.jar:/home/fgarcia/.m2/repository/io/netty/netty-codec/4.1.51.Final/netty-codec-4.1.51.Final.jar:/home/fgarcia/.m2/repository/io/netty/netty-codec-http2/4.1.51.Final/netty-codec-http2-4.1.51.Final.jar:/home/fgarcia/.m2/repository/io/netty/netty-handler/4.1.51.Final/netty-handler-4.1.51.Final.jar:/home/fgarcia/.m2/repository/io/netty/netty-resolver/4.1.51.Final/netty-resolver-4.1.51.Final.jar:/home/fgarcia/.m2/repository/io/netty/netty-handler-proxy/4.1.51.Final/netty-handler-proxy-4.1.51.Final.jar:/home/fgarcia/.m2/repository/io/netty/netty-codec-socks/4.1.51.Final/netty-codec-socks-4.1.51.Final.jar:/home/fgarcia/.m2/repository/io/netty/netty-transport-native-epoll/4.1.51.Final/netty-transport-native-epoll-4.1.51.Final-linux-x86_64.jar:/home/fgarcia/.m2/repository/io/netty/netty-transport-native-unix-common/4.1.51.Final/netty-transport-native-unix-common-4.1.51.Final.jar:/home/fgarcia/.m2/repository/org/glassfish/javax.el/3.0.0/javax.el-3.0.0.jar:/home/fgarcia/.m2/repository/org/springframework/spring-webflux/5.1.17.RELEASE/spring-webflux-5.1.17.RELEASE.jar:/home/fgarcia/.m2/repository/io/projectreactor/reactor-core/3.2.19.RELEASE/reactor-core-3.2.19.RELEASE.jar:/home/fgarcia/.m2/repository/org/reactivestreams/reactive-streams/1.0.3/reactive-streams-1.0.3.jar:/home/fgarcia/.m2/repository/org/synchronoss/cloud/nio-multipart-parser/1.1.0/nio-multipart-parser-1.1.0.jar:/home/fgarcia/.m2/repository/org/synchronoss/cloud/nio-stream-storage/1.1.3/nio-stream-storage-1.1.3.jar:/home/fgarcia/.m2/repository/com/google/code/bean-matchers/bean-matchers/0.14/bean-matchers-0.14.jar:/home/fgarcia/.m2/repository/org/hamcrest/hamcrest/2.2/hamcrest-2.2.jar:/home/fgarcia/.m2/repository/org/springframework/kafka/spring-kafka/2.2.14.RELEASE/spring-kafka-2.2.14.RELEASE.jar:/home/fgarcia/.m2/repository/org/springframework/spring-messaging/5.1.17.RELEASE/spring-messaging-5.1.17.RELEASE.jar:/home/fgarcia/.m2/repository/org/springframework/spring-tx/5.1.17.RELEASE/spring-tx-5.1.17.RELEASE.jar:/home/fgarcia/.m2/repository/org/springframework/retry/spring-retry/1.2.5.RELEASE/spring-retry-1.2.5.RELEASE.jar:/home/fgarcia/.m2/repository/org/apache/kafka/kafka-clients/2.0.1/kafka-clients-2.0.1.jar:/home/fgarcia/.m2/repository/org/lz4/lz4-java/1.4.1/lz4-java-1.4.1.jar:/home/fgarcia/.m2/repository/org/xerial/snappy/snappy-java/1.1.7.1/snappy-java-1.1.7.1.jar:/home/fgarcia/.m2/repository/org/springframework/kafka/spring-kafka-test/2.2.14.RELEASE/spring-kafka-test-2.2.14.RELEASE.jar:/home/fgarcia/.m2/repository/org/apache/kafka/kafka-clients/2.0.1/kafka-clients-2.0.1-test.jar:/home/fgarcia/.m2/repository/org/apache/kafka/kafka_2.11/2.0.1/kafka_2.11-2.0.1.jar:/home/fgarcia/.m2/repository/net/sf/jopt-simple/jopt-simple/5.0.4/jopt-simple-5.0.4.jar:/home/fgarcia/.m2/repository/com/yammer/metrics/metrics-core/2.2.0/metrics-core-2.2.0.jar:/home/fgarcia/.m2/repository/org/scala-lang/scala-library/2.11.12/scala-library-2.11.12.jar:/home/fgarcia/.m2/repository/org/scala-lang/scala-reflect/2.11.12/scala-reflect-2.11.12.jar:/home/fgarcia/.m2/repository/com/typesafe/scala-logging/scala-logging_2.11/3.9.0/scala-logging_2.11-3.9.0.jar:/home/fgarcia/.m2/repository/com/101tec/zkclient/0.10/zkclient-0.10.jar:/home/fgarcia/.m2/repository/org/apache/zookeeper/zookeeper/3.4.13/zookeeper-3.4.13.jar:/home/fgarcia/.m2/repository/org/apache/yetus/audience-annotations/0.5.0/audience-annotations-0.5.0.jar:/home/fgarcia/.m2/repository/org/apache/kafka/kafka_2.11/2.0.1/kafka_2.11-2.0.1-test.jar:/home/fgarcia/.m2/repository/com/google/guava/guava/32.0.1-jre/guava-32.0.1-jre.jar:/home/fgarcia/.m2/repository/com/google/guava/failureaccess/1.0.1/failureaccess-1.0.1.jar:/home/fgarcia/.m2/repository/com/google/guava/listenablefuture/9999.0-empty-to-avoid-conflict-with-guava/listenablefuture-9999.0-empty-to-avoid-conflict-with-guava.jar:/home/fgarcia/.m2/repository/com/google/code/findbugs/jsr305/3.0.2/jsr305-3.0.2.jar:/home/fgarcia/.m2/repository/org/checkerframework/checker-qual/3.33.0/checker-qual-3.33.0.jar:/home/fgarcia/.m2/repository/com/google/errorprone/error_prone_annotations/2.18.0/error_prone_annotations-2.18.0.jar:/home/fgarcia/.m2/repository/com/google/j2objc/j2objc-annotations/2.8/j2objc-annotations-2.8.jar:"/>
    <property name="sun.cpu.endian" value="little"/>
    <property name="user.home" value="/home/fgarcia"/>
    <property name="user.language" value="es"/>
    <property name="java.specification.vendor" value="Oracle Corporation"/>
    <property name="java.version.date" value="2023-04-18"/>
    <property name="java.home" value="/usr/lib/jvm/java-11-openjdk-amd64"/>
    <property name="file.separator" value="/"/>
    <property name="basedir" value="/home/fgarcia/dev/lottoland"/>
    <property name="java.vm.compressedOopsMode" value="Zero based"/>
    <property name="line.separator" value="&#10;"/>
    <property name="java.specification.name" value="Java Platform API Specification"/>
    <property name="java.vm.specification.vendor" value="Oracle Corporation"/>
    <property name="java.awt.graphicsenv" value="sun.awt.X11GraphicsEnvironment"/>
    <property name="surefire.real.class.path" value="/home/fgarcia/dev/lottoland/target/surefire/surefirebooter18297070549365299226.jar"/>
    <property name="sun.management.compiler" value="HotSpot 64-Bit Tiered Compilers"/>
    <property name="java.runtime.version" value="11.0.19+7-post-Ubuntu-0ubuntu122.04.1"/>
    <property name="user.name" value="fgarcia"/>
    <property name="path.separator" value=":"/>
    <property name="os.version" value="5.19.0-46-generic"/>
    <property name="java.runtime.name" value="OpenJDK Runtime Environment"/>
    <property name="file.encoding" value="UTF-8"/>
    <property name="java.vm.name" value="OpenJDK 64-Bit Server VM"/>
    <property name="localRepository" value="/home/fgarcia/.m2/repository"/>
    <property name="java.vendor.url.bug" value="https://bugs.launchpad.net/ubuntu/+source/openjdk-lts"/>
    <property name="java.io.tmpdir" value="/tmp"/>
    <property name="java.version" value="11.0.19"/>
    <property name="user.dir" value="/home/fgarcia/dev/lottoland"/>
    <property name="os.arch" value="amd64"/>
    <property name="java.vm.specification.name" value="Java Virtual Machine Specification"/>
    <property name="java.awt.printerjob" value="sun.print.PSPrinterJob"/>
    <property name="sun.os.patch.level" value="unknown"/>
    <property name="java.library.path" value="/usr/java/packages/lib:/usr/lib/x86_64-linux-gnu/jni:/lib/x86_64-linux-gnu:/usr/lib/x86_64-linux-gnu:/usr/lib/jni:/lib:/usr/lib"/>
    <property name="java.vm.info" value="mixed mode, sharing"/>
    <property name="java.vendor" value="Ubuntu"/>
    <property name="java.vm.version" value="11.0.19+7-post-Ubuntu-0ubuntu122.04.1"/>
    <property name="sun.io.unicode.encoding" value="UnicodeLittle"/>
    <property name="java.class.version" value="55.0"/>
  </properties>
  <testcase name="testJankenEntity" classname="com.lottoland.LottolandUnitTests" time="0.434"/>
  <testcase name="testStatsJankenDTO" classname="com.lottoland.LottolandUnitTests" time="0.023"/>
  <testcase name="testGlobalStatsJankenDTO" classname="com.lottoland.LottolandUnitTests" time="0.015"/>
  <testcase name="testJankenDTO" classname="com.lottoland.LottolandUnitTests" time="0.013"/>
  <testcase name="testErrorDTO" classname="com.lottoland.LottolandUnitTests" time="0.01"/>
</testsuite>